{"level":"info","message":"Production Environments started successfully","timestamp":"2019-08-05T14:19:40.954Z","service":"user-service"}
{"level":"error","message":"userId not found","service":"user-service"}
{"message":"::1 - - [05/Aug/2019:14:20:14 +0000] \"GET / HTTP/1.1\" 200 17838 \"-\" \"Mozilla/5.0 (Windows NT 10.0; Win64; x64) AppleWebKit/537.36 (KHTML, like Gecko) Chrome/75.0.3770.142 Safari/537.36\"\n","level":"info","service":"user-service"}
{"message":"::1 - - [05/Aug/2019:14:20:15 +0000] \"GET /images/girl-kayak-mountains-768.jpg HTTP/1.1\" 200 71548 \"http://localhost:4002/\" \"Mozilla/5.0 (Windows NT 10.0; Win64; x64) AppleWebKit/537.36 (KHTML, like Gecko) Chrome/75.0.3770.142 Safari/537.36\"\n","level":"info","service":"user-service"}
{"level":"info","message":"SignIn Successfully","service":"user-service"}
{"message":"::1 - - [05/Aug/2019:14:22:16 +0000] \"POST /dashboard HTTP/1.1\" 200 48905 \"http://localhost:4002/\" \"Mozilla/5.0 (Windows NT 10.0; Win64; x64) AppleWebKit/537.36 (KHTML, like Gecko) Chrome/75.0.3770.142 Safari/537.36\"\n","level":"info","service":"user-service"}
{"message":"::1 - - [05/Aug/2019:14:22:17 +0000] \"GET /favicon.ico HTTP/1.1\" 302 23 \"http://localhost:4002/dashboard\" \"Mozilla/5.0 (Windows NT 10.0; Win64; x64) AppleWebKit/537.36 (KHTML, like Gecko) Chrome/75.0.3770.142 Safari/537.36\"\n","level":"info","service":"user-service"}
{"message":"::1 - - [05/Aug/2019:14:22:18 +0000] \"GET / HTTP/1.1\" 302 32 \"http://localhost:4002/dashboard\" \"Mozilla/5.0 (Windows NT 10.0; Win64; x64) AppleWebKit/537.36 (KHTML, like Gecko) Chrome/75.0.3770.142 Safari/537.36\"\n","level":"info","service":"user-service"}
{"message":"::1 - - [05/Aug/2019:14:22:18 +0000] \"GET /dashboard HTTP/1.1\" 200 48905 \"http://localhost:4002/dashboard\" \"Mozilla/5.0 (Windows NT 10.0; Win64; x64) AppleWebKit/537.36 (KHTML, like Gecko) Chrome/75.0.3770.142 Safari/537.36\"\n","level":"info","service":"user-service"}
{"message":"::1 - - [05/Aug/2019:14:23:02 +0000] \"GET /termsAndCondition HTTP/1.1\" 200 39823 \"http://localhost:4002/dashboard\" \"Mozilla/5.0 (Windows NT 10.0; Win64; x64) AppleWebKit/537.36 (KHTML, like Gecko) Chrome/75.0.3770.142 Safari/537.36\"\n","level":"info","service":"user-service"}
{"message":"::1 - - [05/Aug/2019:14:23:03 +0000] \"GET /favicon.ico HTTP/1.1\" 302 23 \"http://localhost:4002/termsAndCondition\" \"Mozilla/5.0 (Windows NT 10.0; Win64; x64) AppleWebKit/537.36 (KHTML, like Gecko) Chrome/75.0.3770.142 Safari/537.36\"\n","level":"info","service":"user-service"}
{"message":"::1 - - [05/Aug/2019:14:23:03 +0000] \"GET / HTTP/1.1\" 302 32 \"http://localhost:4002/termsAndCondition\" \"Mozilla/5.0 (Windows NT 10.0; Win64; x64) AppleWebKit/537.36 (KHTML, like Gecko) Chrome/75.0.3770.142 Safari/537.36\"\n","level":"info","service":"user-service"}
{"message":"::1 - - [05/Aug/2019:14:23:03 +0000] \"GET /dashboard HTTP/1.1\" 304 - \"http://localhost:4002/termsAndCondition\" \"Mozilla/5.0 (Windows NT 10.0; Win64; x64) AppleWebKit/537.36 (KHTML, like Gecko) Chrome/75.0.3770.142 Safari/537.36\"\n","level":"info","service":"user-service"}
{"message":"::1 - - [05/Aug/2019:14:23:14 +0000] \"GET /termsAndCondition HTTP/1.1\" 304 - \"http://localhost:4002/termsAndCondition\" \"Mozilla/5.0 (Windows NT 10.0; Win64; x64) AppleWebKit/537.36 (KHTML, like Gecko) Chrome/75.0.3770.142 Safari/537.36\"\n","level":"info","service":"user-service"}
{"message":"::1 - - [05/Aug/2019:14:23:15 +0000] \"GET /favicon.ico HTTP/1.1\" 302 23 \"http://localhost:4002/termsAndCondition\" \"Mozilla/5.0 (Windows NT 10.0; Win64; x64) AppleWebKit/537.36 (KHTML, like Gecko) Chrome/75.0.3770.142 Safari/537.36\"\n","level":"info","service":"user-service"}
{"message":"::1 - - [05/Aug/2019:14:23:15 +0000] \"GET / HTTP/1.1\" 302 32 \"http://localhost:4002/termsAndCondition\" \"Mozilla/5.0 (Windows NT 10.0; Win64; x64) AppleWebKit/537.36 (KHTML, like Gecko) Chrome/75.0.3770.142 Safari/537.36\"\n","level":"info","service":"user-service"}
{"message":"::1 - - [05/Aug/2019:14:23:15 +0000] \"GET /dashboard HTTP/1.1\" 304 - \"http://localhost:4002/termsAndCondition\" \"Mozilla/5.0 (Windows NT 10.0; Win64; x64) AppleWebKit/537.36 (KHTML, like Gecko) Chrome/75.0.3770.142 Safari/537.36\"\n","level":"info","service":"user-service"}
{"message":"::1 - - [05/Aug/2019:14:23:24 +0000] \"GET /termsAndCondition HTTP/1.1\" 304 - \"http://localhost:4002/termsAndCondition\" \"Mozilla/5.0 (Windows NT 10.0; Win64; x64) AppleWebKit/537.36 (KHTML, like Gecko) Chrome/75.0.3770.142 Safari/537.36\"\n","level":"info","service":"user-service"}
{"message":"::1 - - [05/Aug/2019:14:23:24 +0000] \"GET /favicon.ico HTTP/1.1\" 302 23 \"http://localhost:4002/termsAndCondition\" \"Mozilla/5.0 (Windows NT 10.0; Win64; x64) AppleWebKit/537.36 (KHTML, like Gecko) Chrome/75.0.3770.142 Safari/537.36\"\n","level":"info","service":"user-service"}
{"message":"::1 - - [05/Aug/2019:14:23:24 +0000] \"GET / HTTP/1.1\" 302 32 \"http://localhost:4002/termsAndCondition\" \"Mozilla/5.0 (Windows NT 10.0; Win64; x64) AppleWebKit/537.36 (KHTML, like Gecko) Chrome/75.0.3770.142 Safari/537.36\"\n","level":"info","service":"user-service"}
{"message":"::1 - - [05/Aug/2019:14:23:24 +0000] \"GET /dashboard HTTP/1.1\" 304 - \"http://localhost:4002/termsAndCondition\" \"Mozilla/5.0 (Windows NT 10.0; Win64; x64) AppleWebKit/537.36 (KHTML, like Gecko) Chrome/75.0.3770.142 Safari/537.36\"\n","level":"info","service":"user-service"}
{"message":"::1 - - [05/Aug/2019:14:23:35 +0000] \"GET /termsAndCondition HTTP/1.1\" 304 - \"http://localhost:4002/termsAndCondition\" \"Mozilla/5.0 (Windows NT 10.0; Win64; x64) AppleWebKit/537.36 (KHTML, like Gecko) Chrome/75.0.3770.142 Safari/537.36\"\n","level":"info","service":"user-service"}
{"message":"::1 - - [05/Aug/2019:14:23:36 +0000] \"GET /favicon.ico HTTP/1.1\" 302 23 \"http://localhost:4002/termsAndCondition\" \"Mozilla/5.0 (Windows NT 10.0; Win64; x64) AppleWebKit/537.36 (KHTML, like Gecko) Chrome/75.0.3770.142 Safari/537.36\"\n","level":"info","service":"user-service"}
{"message":"::1 - - [05/Aug/2019:14:23:36 +0000] \"GET / HTTP/1.1\" 302 32 \"http://localhost:4002/termsAndCondition\" \"Mozilla/5.0 (Windows NT 10.0; Win64; x64) AppleWebKit/537.36 (KHTML, like Gecko) Chrome/75.0.3770.142 Safari/537.36\"\n","level":"info","service":"user-service"}
{"message":"::1 - - [05/Aug/2019:14:23:36 +0000] \"GET /dashboard HTTP/1.1\" 304 - \"http://localhost:4002/termsAndCondition\" \"Mozilla/5.0 (Windows NT 10.0; Win64; x64) AppleWebKit/537.36 (KHTML, like Gecko) Chrome/75.0.3770.142 Safari/537.36\"\n","level":"info","service":"user-service"}
{"message":"::1 - - [05/Aug/2019:14:23:47 +0000] \"GET /termsAndCondition HTTP/1.1\" 304 - \"http://localhost:4002/termsAndCondition\" \"Mozilla/5.0 (Windows NT 10.0; Win64; x64) AppleWebKit/537.36 (KHTML, like Gecko) Chrome/75.0.3770.142 Safari/537.36\"\n","level":"info","service":"user-service"}
{"message":"::1 - - [05/Aug/2019:14:23:47 +0000] \"GET /favicon.ico HTTP/1.1\" 302 23 \"http://localhost:4002/termsAndCondition\" \"Mozilla/5.0 (Windows NT 10.0; Win64; x64) AppleWebKit/537.36 (KHTML, like Gecko) Chrome/75.0.3770.142 Safari/537.36\"\n","level":"info","service":"user-service"}
{"message":"::1 - - [05/Aug/2019:14:23:47 +0000] \"GET / HTTP/1.1\" 302 32 \"http://localhost:4002/termsAndCondition\" \"Mozilla/5.0 (Windows NT 10.0; Win64; x64) AppleWebKit/537.36 (KHTML, like Gecko) Chrome/75.0.3770.142 Safari/537.36\"\n","level":"info","service":"user-service"}
{"message":"::1 - - [05/Aug/2019:14:23:47 +0000] \"GET /dashboard HTTP/1.1\" 304 - \"http://localhost:4002/termsAndCondition\" \"Mozilla/5.0 (Windows NT 10.0; Win64; x64) AppleWebKit/537.36 (KHTML, like Gecko) Chrome/75.0.3770.142 Safari/537.36\"\n","level":"info","service":"user-service"}
{"message":"::1 - - [05/Aug/2019:14:24:23 +0000] \"GET /termsAndCondition HTTP/1.1\" 304 - \"http://localhost:4002/termsAndCondition\" \"Mozilla/5.0 (Windows NT 10.0; Win64; x64) AppleWebKit/537.36 (KHTML, like Gecko) Chrome/75.0.3770.142 Safari/537.36\"\n","level":"info","service":"user-service"}
{"message":"::1 - - [05/Aug/2019:14:24:24 +0000] \"GET /favicon.ico HTTP/1.1\" 302 23 \"http://localhost:4002/termsAndCondition\" \"Mozilla/5.0 (Windows NT 10.0; Win64; x64) AppleWebKit/537.36 (KHTML, like Gecko) Chrome/75.0.3770.142 Safari/537.36\"\n","level":"info","service":"user-service"}
{"message":"::1 - - [05/Aug/2019:14:24:24 +0000] \"GET / HTTP/1.1\" 302 32 \"http://localhost:4002/termsAndCondition\" \"Mozilla/5.0 (Windows NT 10.0; Win64; x64) AppleWebKit/537.36 (KHTML, like Gecko) Chrome/75.0.3770.142 Safari/537.36\"\n","level":"info","service":"user-service"}
{"message":"::1 - - [05/Aug/2019:14:24:24 +0000] \"GET /dashboard HTTP/1.1\" 304 - \"http://localhost:4002/termsAndCondition\" \"Mozilla/5.0 (Windows NT 10.0; Win64; x64) AppleWebKit/537.36 (KHTML, like Gecko) Chrome/75.0.3770.142 Safari/537.36\"\n","level":"info","service":"user-service"}
{"message":"::1 - - [05/Aug/2019:14:24:32 +0000] \"GET /termsAndCondition HTTP/1.1\" 304 - \"http://localhost:4002/termsAndCondition\" \"Mozilla/5.0 (Windows NT 10.0; Win64; x64) AppleWebKit/537.36 (KHTML, like Gecko) Chrome/75.0.3770.142 Safari/537.36\"\n","level":"info","service":"user-service"}
{"message":"::1 - - [05/Aug/2019:14:24:32 +0000] \"GET /favicon.ico HTTP/1.1\" 302 23 \"http://localhost:4002/termsAndCondition\" \"Mozilla/5.0 (Windows NT 10.0; Win64; x64) AppleWebKit/537.36 (KHTML, like Gecko) Chrome/75.0.3770.142 Safari/537.36\"\n","level":"info","service":"user-service"}
{"message":"::1 - - [05/Aug/2019:14:24:32 +0000] \"GET / HTTP/1.1\" 302 32 \"http://localhost:4002/termsAndCondition\" \"Mozilla/5.0 (Windows NT 10.0; Win64; x64) AppleWebKit/537.36 (KHTML, like Gecko) Chrome/75.0.3770.142 Safari/537.36\"\n","level":"info","service":"user-service"}
{"message":"::1 - - [05/Aug/2019:14:24:32 +0000] \"GET /dashboard HTTP/1.1\" 304 - \"http://localhost:4002/termsAndCondition\" \"Mozilla/5.0 (Windows NT 10.0; Win64; x64) AppleWebKit/537.36 (KHTML, like Gecko) Chrome/75.0.3770.142 Safari/537.36\"\n","level":"info","service":"user-service"}
